<?xml version="1.0" encoding="UTF-8"?>
<testng-results ignored="0" total="1" passed="1" failed="0" skipped="0">
  <reporter-output>
    <line>
      <![CDATA[Demo web shop launched successfully]]>
    </line>
  </reporter-output>
  <suite started-at="2025-04-19T10:41:44 IST" name="Default suite" finished-at="2025-04-19T10:41:50 IST" duration-ms="5590">
    <groups>
    </groups>
    <test started-at="2025-04-19T10:41:44 IST" name="Default test" finished-at="2025-04-19T10:41:50 IST" duration-ms="5590">
      <class name="dummydemo.JenkinsTest">
        <test-method signature="launch()[pri:0, instance:dummydemo.JenkinsTest@6771beb3]" started-at="2025-04-19T10:41:44 IST" name="launch" finished-at="2025-04-19T10:41:50 IST" duration-ms="5533" status="PASS">
          <reporter-output>
            <line>
              <![CDATA[Demo web shop launched successfully]]>
            </line>
          </reporter-output>
        </test-method> <!-- launch -->
      </class> <!-- dummydemo.JenkinsTest -->
    </test> <!-- Default test -->
  </suite> <!-- Default suite -->
</testng-results>
